/* Log generated by MTK SP DrvGen Version 03.13.6;
 Log Time is Sat Jan 02 18:46:25 2016
 */
open operater parse MT6572_NP.fig OK!
Edit operater parse .cmp file OK!
Fail to save workspace!
GPIO18_LCD_ID1
GPIO19_LCD_ID2
GPIO21_MAIN_CAM_ID
GPIO22_CTP_EN_1V8
EINT5_GS
GPIO26_SUB_CAM_ID
EINT2_PS_N
EINT6_NFC
GPIO56_NFC_DL
GPIO57_NFC_EN
EINT9_GS
GPIO_CMRST
GPIO_CMPDN
GPIO_CMRST2
GPIO_CMPDN2
variable name does not exist 
Please Check /alps/mediatek/custom/.../kernel/dct/dct/codegen.dws and GPIO setting!
Fail to save workspace!
GPIO18_LCD_ID1
GPIO19_LCD_ID2
GPIO21_MAIN_CAM_ID
GPIO22_CTP_EN_1V8
EINT5_GS
GPIO26_SUB_CAM_ID
EINT2_PS_N
EINT6_NFC
GPIO56_NFC_DL
GPIO57_NFC_EN
EINT9_GS
GPIO_CMRST
GPIO_CMPDN
GPIO_CMRST2
GPIO_CMPDN2
variable name does not exist 
Please Check /alps/mediatek/custom/.../kernel/dct/dct/codegen.dws and GPIO setting!
